<?xml version="1.0" encoding="UTF-8"?>
<!-- Generated by org.testng.reporters.JUnitReportReporter -->
<testsuite hostname="DESKTOP-IR55ORM" failures="0" tests="1" name="testCases.TC002_AccountPage" time="1.471" errors="0" timestamp="2025-02-22T16:02:06 IST" skipped="0">
  <testcase classname="testCases.TC002_AccountPage" name="logIn" time="1.471"/>
</testsuite> <!-- testCases.TC002_AccountPage -->
